/media/series/Dead to Me/Season 1/Dead.to.Me.S01E01.WEBRip.x264-ION10.mp4
/media/series/Dead to Me/Season 1/Dead.to.Me.S01E03.WEBRip.x264-ION10.mp4
/media/series/Dead to Me/Season 1/Dead.to.Me.S01E05.WEBRip.x264-ION10.mp4
/media/series/Dead to Me/Season 1/Dead.to.Me.S01E09.WEBRip.x264-ION10.mp4
/media/series/Dead to Me/Season 1/Dead.to.Me.S01E06.WEBRip.x264-ION10.mp4
/media/series/Dead to Me/Season 1/Dead.to.Me.S01E07.WEBRip.x264-ION10.mp4
/media/series/Dead to Me/Season 1/Dead.to.Me.S01E08.WEBRip.x264-ION10.mp4
/media/series/Dead to Me/Season 1/Dead.to.Me.S01E02.WEBRip.x264-ION10.mp4
/media/series/Dead to Me/Season 1/Dead.to.Me.S01E04.WEBRip.x264-ION10.mp4
/media/series/Dead to Me/Season 1/Dead.to.Me.S01E10.WEBRip.x264-ION10.mp4
/media/series/Swamp thing 2019/Season 1/Swamp.Thing.S01E07.WEBRip.x264-ION10.mp4
/media/series/Swamp thing 2019/Season 1/Swamp.Thing.S01E08.WEBRip.x264-ION10.mp4
/media/series/Swamp thing 2019/Season 1/Swamp.Thing.S01E06.WEBRip.x264-ION10.mp4
/media/series/Barry/Season 2/Barry.S02E08.WEBRip.x264-ION10.mp4
/media/series/Barry/Season 2/Barry.S02E07.WEBRip.x264-ION10.mp4
/media/series/The Rook/Season 1/The.Rook.S01E03.PROPER.WEBRip.x264-ION10.mp4
/media/series/Chernobyl/Chernobyl.S01E04.WEBRip.x264-ION10/Chernobyl.S01E04.WEBRip.x264-ION10.mp4
/media/series/Chernobyl/Chernobyl.S01E05.WEBRip.x264-ION10/Chernobyl.S01E05.WEBRip.x264-ION10.mp4
/media/series/Black Mirror/Black.Mirror.S05E03.WEBRip.x264-ION10.mp4
/media/series/Warrior (2019)/Season 1/Warrior.S01E10.WEBRip.x264-ION10.mp4
/media/series/Warrior (2019)/Season 1/Warrior.S01E09.WEBRip.x264-ION10.mp4
/media/series/The Twilight Zone (2019)/Season 1/The.Twilight.Zone.S01E03.WEBRip.x264-ION10.mp4
/media/series/The Twilight Zone (2019)/Season 1/The.Twilight.Zone.S01E06.WEBRip.x264-ION10.mp4
/media/series/The Twilight Zone (2019)/Season 1/The.Twilight.Zone.S01E01.WEBRip.x264-ION10.mp4
/media/series/The Twilight Zone (2019)/Season 1/The.Twilight.Zone.S01E04.WEBRip.x264-ION10.mp4
/media/series/The Twilight Zone (2019)/Season 1/The.Twilight.Zone.S01E09.WEBRip.x264-ION10.mp4
/media/series/The Twilight Zone (2019)/Season 1/The.Twilight.Zone.S01E05.WEBRip.x264-ION10.mp4
/media/series/The Twilight Zone (2019)/Season 1/The.Twilight.Zone.S01E07.WEBRip.x264-ION10.mp4
/media/series/The Twilight Zone (2019)/Season 1/The.Twilight.Zone.S01E10.PROPER.WEBRip.x264-ION10.mp4
/media/series/The Twilight Zone (2019)/Season 1/The.Twilight.Zone.S01E02.WEBRip.x264-ION10.mp4
/media/series/The Twilight Zone (2019)/Season 1/The.Twilight.Zone.S01E08.WEBRip.x264-ION10.mp4
/media/series/Mira lo que has hecho/Mira Lo Que Has Hecho - Temporada 2/Mira Lo Que Has Hecho - 2x02.avi
/media/series/Mira lo que has hecho/Mira Lo Que Has Hecho - Temporada 2/Mira Lo Que Has Hecho - 2x06.avi
/media/series/Mira lo que has hecho/Mira Lo Que Has Hecho - Temporada 2/Mira Lo Que Has Hecho - 2x05.avi
/media/series/Mira lo que has hecho/Mira Lo Que Has Hecho - Temporada 2/Mira Lo Que Has Hecho - 2x03.avi
/media/series/Mira lo que has hecho/Mira Lo Que Has Hecho - Temporada 2/Mira Lo Que Has Hecho - 2x04.avi
/media/series/Mira lo que has hecho/Mira Lo Que Has Hecho - Temporada 2/Mira Lo Que Has Hecho - 2x01.avi
/media/series/Years and years/Season 1/Years.and.Years.S01E05.HDTV.x264-MTB[rarbg].mkv
/media/series/Years and years/Season 1/Years.and.Years.S01E06.HDTV.x264-MTB[rarbg].mkv
/media/series/The Rook/Season 1/The.Rook.S01E02.WEB.h264-TBS[rarbg].mkv
/media/series/The Rook/Season 1/The.Rook.S01E04.WEB.h264-TBS[rarbg].mkv
/media/series/Pandora (2019)/Season 1/Pandora.2019.S01E01.HDTV.x264-KILLERS[rarbg].mkv
/media/series/Warrior (2019)/Season 1/warrior.s01e08.web.h264-tbs[eztv].mkv
/media/series/Marvel's Agents of S.H.I.E.L.D/Season 6/Marvels.Agents.of.S.H.I.E.L.D.S06E10.HDTV.x264-SVA[rarbg].mkv
/media/series/Marvel's Agents of S.H.I.E.L.D/Season 6/Marvels.Agents.of.S.H.I.E.L.D.S06E08.HDTV.x264-SVA[rarbg].mkv
/media/series/Marvel's Agents of S.H.I.E.L.D/Season 6/Marvels.Agents.of.S.H.I.E.L.D.S06E09.HDTV.x264-SVA[rarbg].mkv
